<?xml version="1.0" encoding="UTF-8"?>
<!-- Generated by org.testng.reporters.JUnitReportReporter -->
<testsuite hostname="Soruu" failures="0" tests="1" name="bluebeast.tests.ErrorValidationsTest" time="9.987" errors="0" timestamp="2025-06-05T17:58:16 IST" skipped="0">
  <testcase classname="bluebeast.tests.ErrorValidationsTest" name="loginPageErrorValidation" time="9.987"/>
</testsuite> <!-- bluebeast.tests.ErrorValidationsTest -->
