<?xml version="1.0" encoding="UTF-8"?>
<!-- Generated by org.testng.reporters.JUnitReportReporter -->
<testsuite hostname="Soruu" failures="0" tests="3" name="bluebeast.tests.SubmitOrderTest" time="30.779" errors="0" timestamp="2025-05-28T14:44:01 IST" skipped="0">
  <testcase classname="bluebeast.tests.SubmitOrderTest" name="submitOrder" time="13.240"/>
  <testcase classname="bluebeast.tests.SubmitOrderTest" name="orderHistoryTest" time="8.361"/>
  <testcase classname="bluebeast.tests.SubmitOrderTest" name="submitOrder" time="9.178"/>
</testsuite> <!-- bluebeast.tests.SubmitOrderTest -->
