<?xml version="1.0" encoding="UTF-8"?>
<!-- Generated by org.testng.reporters.JUnitReportReporter -->
<testsuite hostname="Soruu" failures="0" tests="1" name="bluebeast.tests.ErrorValidations" time="12.505" errors="0" timestamp="2025-05-25T16:56:57 IST" skipped="0">
  <testcase classname="bluebeast.tests.ErrorValidations" name="submitOrder" time="12.505"/>
</testsuite> <!-- bluebeast.tests.ErrorValidations -->
