<?xml version="1.0" encoding="UTF-8"?>
<!-- Generated by org.testng.reporters.JUnitReportReporter -->
<testsuite hostname="Soruu" failures="0" tests="1" name="cucumber.TestNGTestRunner" time="18.704" errors="0" timestamp="2025-06-05T21:43:47 IST" skipped="0">
  <testcase classname="cucumber.TestNGTestRunner" name="runScenario" time="18.704"/>
</testsuite> <!-- cucumber.TestNGTestRunner -->
